2022-02-14 16:09:59 [INFO] 获取入口成功，服务器：debug；数据库：debug [conf.py:10]
2022-02-14 16:09:59 [INFO] 获取数据库信息成功:{'host': '192.168.222.154', 'user': 'root', 'passwd': '123456', 'db': 'wa_test'} [conf.py:33]
2022-02-14 16:09:59 [INFO] 连接数据库====成功 [db.py:23]
2022-02-14 16:09:59 [INFO] ../initsqls/login.sql读取成功 [db.py:12]
2022-02-14 16:09:59 [INFO] 初始化数据库====成功 [db.py:34]
2022-02-14 16:09:59 [INFO] 获得列名:login====成功 [case.py:15]
2022-02-14 16:09:59 [INFO] 获取入口成功，服务器：debug；数据库：debug [conf.py:10]
2022-02-14 16:09:59 [INFO] 获取服务器信息成功:http://192.168.222.154:80 [conf.py:20]
2022-02-14 16:09:59 [INFO] 读取excel文件:../excelcases/login.xlsx====成功 [case.py:35]
2022-02-14 16:09:59 [INFO] 发送请求====成功 [case.py:81]
2022-02-14 16:09:59 [INFO] login_01:测试成功登录====响应结果比对====成功! [case.py:98]
2022-02-14 16:09:59 [INFO] 发送请求====成功 [case.py:81]
2022-02-14 16:09:59 [WARNING] login_02:测试用户名为空====响应结果比对====失败!====expect:{'Status': 1001, 'Result': 'Username is null', 'Message': '用户名或密码为'}====real:{'Status': 1001, 'Result': 'Username is null', 'Message': '用户名或密码为空'} [case.py:101]
2022-02-14 16:09:59 [INFO] 发送请求====成功 [case.py:81]
2022-02-14 16:09:59 [INFO] login_03:测试密码为空====响应结果比对====成功! [case.py:98]
2022-02-14 16:09:59 [INFO] 发送请求====成功 [case.py:81]
2022-02-14 16:09:59 [INFO] login_04:测试用户名和密码均为空====响应结果比对====成功! [case.py:98]
2022-02-14 16:09:59 [INFO] 发送请求====成功 [case.py:81]
2022-02-14 16:09:59 [INFO] login_05:测试用户名错误====响应结果比对====成功! [case.py:98]
2022-02-14 16:09:59 [INFO] 发送请求====成功 [case.py:81]
2022-02-14 16:09:59 [INFO] login_06:测试密码错误====响应结果比对====成功! [case.py:98]
2022-02-14 16:09:59 [INFO] 发送请求====成功 [case.py:81]
2022-02-14 16:09:59 [INFO] login_07:测试用户名和密码均错误====响应结果比对====成功! [case.py:98]
