2022-02-14 16:12:54 [INFO] 获取入口成功，服务器：debug；数据库：debug [conf.py:10]
2022-02-14 16:12:54 [INFO] 获取数据库信息成功:{'host': '192.168.222.154', 'user': 'root', 'passwd': '123456', 'db': 'wa_test'} [conf.py:33]
2022-02-14 16:12:54 [INFO] 连接数据库====成功 [db.py:23]
2022-02-14 16:12:54 [INFO] ../initsqls/signup.sql读取成功 [db.py:12]
2022-02-14 16:12:54 [INFO] 初始化数据库====成功 [db.py:34]
2022-02-14 16:12:54 [INFO] 获得列名:signup====成功 [case.py:15]
2022-02-14 16:12:54 [INFO] 获取入口成功，服务器：debug；数据库：debug [conf.py:10]
2022-02-14 16:12:54 [INFO] 获取服务器信息成功:http://192.168.222.154:80 [conf.py:20]
2022-02-14 16:12:54 [INFO] 读取excel文件:../excelcases/signup.xlsx====成功 [case.py:35]
2022-02-14 16:12:54 [INFO] 发送请求====成功 [case.py:81]
2022-02-14 16:12:54 [INFO] signup_01:测试成功注册====响应结果比对====成功! [case.py:98]
2022-02-14 16:12:54 [INFO] 获取入口成功，服务器：debug；数据库：debug [conf.py:10]
2022-02-14 16:12:54 [INFO] 获取数据库信息成功:{'host': '192.168.222.154', 'user': 'root', 'passwd': '123456', 'db': 'wa_test'} [conf.py:33]
2022-02-14 16:12:54 [INFO] 连接数据库====成功 [db.py:23]
2022-02-14 16:12:54 [INFO] 验证数据库====成功 [db.py:46]
2022-02-14 16:12:54 [INFO] 发送请求====成功 [case.py:81]
2022-02-14 16:12:54 [INFO] signup_02:测试用户名为空====响应结果比对====成功! [case.py:98]
2022-02-14 16:12:54 [INFO] 获取入口成功，服务器：debug；数据库：debug [conf.py:10]
2022-02-14 16:12:54 [INFO] 获取数据库信息成功:{'host': '192.168.222.154', 'user': 'root', 'passwd': '123456', 'db': 'wa_test'} [conf.py:33]
2022-02-14 16:12:54 [INFO] 连接数据库====成功 [db.py:23]
2022-02-14 16:12:54 [INFO] 验证数据库====成功 [db.py:46]
2022-02-14 16:12:54 [INFO] 发送请求====成功 [case.py:81]
2022-02-14 16:12:54 [INFO] signup_03:测试密码为空====响应结果比对====成功! [case.py:98]
2022-02-14 16:12:54 [INFO] 获取入口成功，服务器：debug；数据库：debug [conf.py:10]
2022-02-14 16:12:54 [INFO] 获取数据库信息成功:{'host': '192.168.222.154', 'user': 'root', 'passwd': '123456', 'db': 'wa_test'} [conf.py:33]
2022-02-14 16:12:54 [INFO] 连接数据库====成功 [db.py:23]
2022-02-14 16:12:54 [INFO] 验证数据库====成功 [db.py:46]
2022-02-14 16:12:54 [INFO] 发送请求====成功 [case.py:81]
2022-02-14 16:12:54 [INFO] signup_04:测试确认密码为空====响应结果比对====成功! [case.py:98]
2022-02-14 16:12:54 [INFO] 获取入口成功，服务器：debug；数据库：debug [conf.py:10]
2022-02-14 16:12:54 [INFO] 获取数据库信息成功:{'host': '192.168.222.154', 'user': 'root', 'passwd': '123456', 'db': 'wa_test'} [conf.py:33]
2022-02-14 16:12:54 [INFO] 连接数据库====成功 [db.py:23]
2022-02-14 16:12:54 [WARNING] signup_04:测试确认密码为空:验证数据库====失败，期望：(0, 0)；实际：(1, 1) [db.py:50]
2022-02-14 16:12:54 [INFO] 发送请求====成功 [case.py:81]
2022-02-14 16:12:54 [INFO] signup_05:测试姓名为空====响应结果比对====成功! [case.py:98]
2022-02-14 16:12:54 [INFO] 获取入口成功，服务器：debug；数据库：debug [conf.py:10]
2022-02-14 16:12:54 [INFO] 获取数据库信息成功:{'host': '192.168.222.154', 'user': 'root', 'passwd': '123456', 'db': 'wa_test'} [conf.py:33]
2022-02-14 16:12:54 [INFO] 连接数据库====成功 [db.py:23]
2022-02-14 16:12:54 [INFO] 验证数据库====成功 [db.py:46]
2022-02-14 16:12:54 [INFO] 发送请求====成功 [case.py:81]
2022-02-14 16:12:54 [INFO] signup_06:测试参数全为空====响应结果比对====成功! [case.py:98]
2022-02-14 16:12:54 [INFO] 获取入口成功，服务器：debug；数据库：debug [conf.py:10]
2022-02-14 16:12:54 [INFO] 获取数据库信息成功:{'host': '192.168.222.154', 'user': 'root', 'passwd': '123456', 'db': 'wa_test'} [conf.py:33]
2022-02-14 16:12:54 [INFO] 连接数据库====成功 [db.py:23]
2022-02-14 16:12:54 [INFO] 验证数据库====成功 [db.py:46]
2022-02-14 16:12:54 [INFO] 发送请求====成功 [case.py:81]
2022-02-14 16:12:54 [WARNING] signup_07:测试两个密码不一致====响应结果比对====失败!====expect:{'Status': 1005, 'Result': 'Two passwords not compare', 'Message': '两个密码不一致'}====real:{'Status': 1005, 'Result': 'Confirm password error', 'Message': '两个密码不一致'} [case.py:101]
2022-02-14 16:12:54 [INFO] 发送请求====成功 [case.py:81]
2022-02-14 16:12:54 [INFO] signup_08:测试用户重复注册====响应结果比对====成功! [case.py:98]
2022-02-14 16:12:54 [INFO] 获取入口成功，服务器：debug；数据库：debug [conf.py:10]
2022-02-14 16:12:54 [INFO] 获取数据库信息成功:{'host': '192.168.222.154', 'user': 'root', 'passwd': '123456', 'db': 'wa_test'} [conf.py:33]
2022-02-14 16:12:54 [INFO] 连接数据库====成功 [db.py:23]
2022-02-14 16:12:54 [INFO] 验证数据库====成功 [db.py:46]
