2022-02-15 15:36:02 [INFO] 获得模块的列名：attach====成功 [case01.py:15]
2022-02-15 15:36:02 [INFO] 读取excel文件：../excelcases/attach.xlsx====成功 [case01.py:25]
2022-02-15 15:36:02 [INFO] 获取入口成功，服务器：debug；数据库：debug [conf.py:10]
2022-02-15 15:36:02 [INFO] 获取服务器信息成功:http://192.168.222.155:80 [conf.py:20]
2022-02-15 15:36:02 [INFO] 读取excel文件====成功 [case01.py:36]
2022-02-15 15:36:02 [INFO] login_01:测试成功登录====发送请求====成功====请求参数:{'username': 'admin', 'password': '123456'} [case01.py:88]
2022-02-15 15:36:02 [INFO] 获得响应中对应的值====成功 [case01.py:52]
2022-02-15 15:36:02 [INFO] 获得响应中对应的值====成功 [case01.py:52]
2022-02-15 15:36:02 [INFO] 需要的响应信息存入公共字典====成功 [case01.py:68]
2022-02-15 15:36:02 [INFO] login_01:测试成功登录====发送请求====成功====请求参数:{'username': 'admin', 'password': '123456'} [case01.py:88]
2022-02-15 15:36:02 [INFO] login_01:测试成功登录====对比响应结果====成功====响应结果:﻿用户admin登录验证成功<a href='/apitest/refer/info/'>查看个人信息</a> [case01.py:105]
2022-02-15 15:36:02 [INFO] login_02:测试获取用户信息====发送请求====成功====请求参数:{'username': 'admin', 'passwd': '123456'} [case01.py:88]
2022-02-15 15:36:02 [INFO] 获得响应中对应的值====成功 [case01.py:52]
2022-02-15 15:36:02 [INFO] 需要的响应信息存入公共字典====成功 [case01.py:68]
2022-02-15 15:36:02 [INFO] login_02:测试获取用户信息====发送请求====成功====请求参数:{'username': 'admin', 'passwd': '123456'} [case01.py:88]
2022-02-15 15:36:02 [INFO] login_02:测试获取用户信息====对比响应结果====成功====响应结果:悄悄告诉你！你的用户名是admin，密码是123456 [case01.py:105]
2022-02-15 15:36:02 [INFO] login_03:测试登录失败====发送请求====成功====请求参数:{'username': 'test11', 'password': '12345'} [case01.py:88]
2022-02-15 15:36:02 [INFO] login_03:测试登录失败====发送请求====成功====请求参数:{'username': 'test11', 'password': '12345'} [case01.py:88]
2022-02-15 15:36:02 [INFO] login_03:测试登录失败====对比响应结果====成功====响应结果:﻿用户名或密码错误 [case01.py:105]
2022-02-15 15:36:02 [INFO] login_04:测试获取用户信息失败====发送请求====成功====请求参数:{} [case01.py:88]
2022-02-15 15:36:02 [INFO] login_04:测试获取用户信息失败====发送请求====成功====请求参数:{} [case01.py:88]
2022-02-15 15:36:02 [WARNING] login_04:测试获取用户信息失败====对比响应结果====失败====期望结果:测试获取用户信息失败====响应结果:悄悄告诉你！你的用户名是admin，密码是123456 [case01.py:108]
